[2023-04-09 15:02:41.603] <1><> ===================================
[2023-04-09 15:02:41.613] <1><> MaaAssistantArknights GUI started
[2023-04-09 15:02:41.613] <1><> Maa ENV: Production
[2023-04-09 15:02:41.615] <1><> ===================================
[2023-04-09 15:02:41.822] <1><> Rebuild Default HttpClient with proxy 
[2023-04-09 15:02:41.831] <1><> Rebuild Downloader HttpClient with proxy 
[2023-04-09 15:02:42.189] <1><> Loading item list from D:\AutoMaa\Python\Special\MAA1\resource\item_index.json
[2023-04-09 15:02:42.272] <11><> HTTP: OK GET https://ota.maa.plus/MaaAssistantArknights/api/lastUpdateTime.json
[2023-04-09 15:02:43.616] <1><> 正在停止……
[2023-04-09 15:02:57.264] <1><> Failed to send GET request to "https://api.github.com/repos/MaaAssistantArknights/MaaRelease/releases"
System.Threading.Tasks.TaskCanceledException: 已取消一个任务。
   在 System.Runtime.CompilerServices.TaskAwaiter.ThrowForNonSuccess(Task task)
   在 System.Runtime.CompilerServices.TaskAwaiter.HandleNonSuccessAndDebuggerNotification(Task task)
   在 MaaWpfGui.Services.Web.HttpService.<GetAsync>d__9.MoveNext()
[2023-04-09 15:02:57.517] <9><> HTTP: Forbidden GET https://api.kgithub.com/repos/MaaAssistantArknights/MaaRelease/releases
[2023-04-09 15:03:12.529] <3><> Failed to send GET request to "https://api.github.com/repos/MaaAssistantArknights/MaaRelease/releases"
System.Threading.Tasks.TaskCanceledException: 已取消一个任务。
   在 System.Runtime.CompilerServices.TaskAwaiter.ThrowForNonSuccess(Task task)
   在 System.Runtime.CompilerServices.TaskAwaiter.HandleNonSuccessAndDebuggerNotification(Task task)
   在 MaaWpfGui.Services.Web.HttpService.<GetAsync>d__9.MoveNext()
[2023-04-09 15:03:12.713] <3><> HTTP: Forbidden GET https://api.kgithub.com/repos/MaaAssistantArknights/MaaRelease/releases
[2023-04-09 15:03:27.723] <16><> Failed to send GET request to "https://api.github.com/repos/MaaAssistantArknights/MaaRelease/releases"
System.Threading.Tasks.TaskCanceledException: 已取消一个任务。
   在 System.Runtime.CompilerServices.TaskAwaiter.ThrowForNonSuccess(Task task)
   在 System.Runtime.CompilerServices.TaskAwaiter.HandleNonSuccessAndDebuggerNotification(Task task)
   在 MaaWpfGui.Services.Web.HttpService.<GetAsync>d__9.MoveNext()
[2023-04-09 15:03:27.919] <15><> HTTP: Forbidden GET https://api.kgithub.com/repos/MaaAssistantArknights/MaaRelease/releases
[2023-04-09 15:03:47.279] <1><> 已停止
[2023-04-09 15:04:10.030] <1><> MaaAssistantArknights GUI exited
[2023-04-09 15:04:10.031] <1><> 
[2023-04-09 20:00:01.266] <1><> ===================================
[2023-04-09 20:00:01.306] <1><> MaaAssistantArknights GUI started
[2023-04-09 20:00:01.306] <1><> Maa ENV: Production
[2023-04-09 20:00:01.306] <1><> ===================================
[2023-04-09 20:00:01.527] <1><> Rebuild Default HttpClient with proxy 
[2023-04-09 20:00:01.537] <1><> Rebuild Downloader HttpClient with proxy 
[2023-04-09 20:00:01.989] <1><> Loading item list from D:\AutoMaa\Python\Special\MAA1\resource\item_index.json
[2023-04-09 20:00:03.042] <15><> HTTP: OK GET https://ota.maa.plus/MaaAssistantArknights/api/lastUpdateTime.json
[2023-04-09 20:00:04.987] <1><> HTTP: OK GET https://api.github.com/repos/MaaAssistantArknights/MaaRelease/releases
[2023-04-09 20:01:19.553] <1><> Main windows log clear.
[2023-04-09 20:01:19.553] <1><> 
[2023-04-09 20:01:19.596] <1><> 正在连接模拟器……
[2023-04-09 20:01:21.740] <1><> 正在运行中……
[2023-04-09 20:01:21.740] <1><> 如果任务完全没有反应，请使用 设置 - 连接设置 - 强制替换 ADB，或打开 兼容性触控模式
[2023-04-09 20:01:21.742] <1><> 开始任务：StartUp
[2023-04-09 20:02:02.197] <1><> 完成任务：StartUp
[2023-04-09 20:02:02.698] <1><> 开始任务：Recruit
[2023-04-09 20:02:20.419] <1><> 出现错误，已返回
[2023-04-09 20:02:20.419] <1><> 任务出错：Recruit
[2023-04-09 20:02:20.919] <1><> 开始任务：Infrast
[2023-04-09 20:05:17.574] <1><> 完成任务：Infrast
[2023-04-09 20:05:18.076] <1><> 开始任务：Mall
[2023-04-09 20:05:50.922] <1><> 任务出错：Mall
[2023-04-09 20:05:51.423] <1><> 开始任务：Fight
[2023-04-09 20:05:56.272] <1><> 任务出错：Fight
[2023-04-09 20:05:56.272] <1><> 剿灭任务失败，将尝试使用剩余备选关卡，部分战斗设置将不生效
[2023-04-09 20:05:56.772] <1><> 开始任务：Fight
[2023-04-09 20:06:01.674] <1><> 任务出错：Fight
[2023-04-09 20:06:01.674] <1><> 剿灭任务失败，将尝试使用剩余备选关卡，部分战斗设置将不生效
[2023-04-09 20:06:02.175] <1><> 开始任务：Fight
[2023-04-09 20:06:07.021] <1><> 任务出错：Fight
[2023-04-09 20:06:07.021] <1><> 剿灭任务失败，将尝试使用剩余备选关卡，部分战斗设置将不生效
[2023-04-09 20:06:07.522] <1><> 开始任务：Fight
[2023-04-09 20:06:12.371] <1><> 任务出错：Fight
[2023-04-09 20:06:12.371] <1><> 剿灭任务失败，将尝试使用剩余备选关卡，部分战斗设置将不生效
[2023-04-09 20:06:12.871] <1><> 开始任务：Award
[2023-04-09 20:06:29.163] <1><> 任务出错：Award
[2023-04-09 20:06:29.665] <1><> 开始任务：Roguelike
[2023-04-09 21:00:03.628] <1><> 游戏掉线，重新连接
[2023-04-09 21:08:44.415] <1><> 完成任务：Roguelike
[2023-04-09 21:08:44.427] <1><> 任务已全部完成！
[2023-04-09 21:08:44.811] <1><> MaaAssistantArknights GUI exited
[2023-04-09 21:08:44.811] <1><> 
[2023-04-14 20:00:01.123] <1><> ===================================
[2023-04-14 20:00:01.169] <1><> MaaAssistantArknights GUI started
[2023-04-14 20:00:01.169] <1><> Maa ENV: Production
[2023-04-14 20:00:01.171] <1><> ===================================
[2023-04-14 20:00:11.823] <1><> Rebuild Default HttpClient with proxy 
[2023-04-14 20:00:11.831] <1><> Rebuild Downloader HttpClient with proxy 
[2023-04-14 20:00:16.763] <1><> Loading item list from D:\AutoMaa\Python\Special\MAA1\resource\item_index.json
[2023-04-14 20:00:16.909] <11><> HTTP: OK GET https://ota.maa.plus/MaaAssistantArknights/api/lastUpdateTime.json
[2023-04-14 20:00:32.337] <1><> MaaAssistantArknights GUI exited
[2023-04-14 20:00:32.337] <1><> 
[2023-04-15 01:02:55.162] <1><> ===================================
[2023-04-15 01:02:55.178] <1><> MaaAssistantArknights GUI started
[2023-04-15 01:02:55.178] <1><> Maa ENV: Production
[2023-04-15 01:02:55.180] <1><> ===================================
[2023-04-15 01:02:55.798] <1><> Rebuild Default HttpClient with proxy 
[2023-04-15 01:02:55.805] <1><> Rebuild Downloader HttpClient with proxy 
[2023-04-15 01:02:56.183] <1><> Loading item list from D:\AutoMaa\Python\Special\MAA1\resource\item_index.json
[2023-04-15 01:02:56.252] <10><> HTTP: OK GET https://ota.maa.plus/MaaAssistantArknights/api/lastUpdateTime.json
[2023-04-15 01:02:58.291] <1><> Failed to send GET request to "https://api.github.com/repos/MaaAssistantArknights/MaaRelease/releases"
System.Net.Http.HttpRequestException: 发送请求时出错。 ---> System.Net.WebException: 无法连接到远程服务器 ---> System.Net.Sockets.SocketException: 由于目标计算机积极拒绝，无法连接。 127.0.0.1:443
   在 System.Net.Sockets.Socket.InternalEndConnect(IAsyncResult asyncResult)
   在 System.Net.Sockets.Socket.EndConnect(IAsyncResult asyncResult)
   在 System.Net.ServicePoint.ConnectSocketInternal(Boolean connectFailure, Socket s4, Socket s6, Socket& socket, IPAddress& address, ConnectSocketState state, IAsyncResult asyncResult, Exception& exception)
   --- 内部异常堆栈跟踪的结尾 ---
   在 System.Net.HttpWebRequest.EndGetResponse(IAsyncResult asyncResult)
   在 System.Net.Http.HttpClientHandler.GetResponseCallback(IAsyncResult ar)
   --- 内部异常堆栈跟踪的结尾 ---
   在 System.Runtime.ExceptionServices.ExceptionDispatchInfo.Throw()
   在 System.Runtime.CompilerServices.TaskAwaiter.HandleNonSuccessAndDebuggerNotification(Task task)
   在 MaaWpfGui.Services.Web.HttpService.<GetAsync>d__9.MoveNext()
[2023-04-15 01:03:03.127] <10><> HTTP: OK GET https://api.kgithub.com/repos/MaaAssistantArknights/MaaRelease/releases
[2023-04-15 01:03:05.284] <1><> Failed to send GET request to "https://api.github.com/repos/MaaAssistantArknights/MaaAssistantArknights/releases/tags/v4.14.1"
System.Net.Http.HttpRequestException: 发送请求时出错。 ---> System.Net.WebException: 无法连接到远程服务器 ---> System.Net.Sockets.SocketException: 由于目标计算机积极拒绝，无法连接。 127.0.0.1:443
   在 System.Net.Sockets.Socket.InternalEndConnect(IAsyncResult asyncResult)
   在 System.Net.Sockets.Socket.EndConnect(IAsyncResult asyncResult)
   在 System.Net.ServicePoint.ConnectSocketInternal(Boolean connectFailure, Socket s4, Socket s6, Socket& socket, IPAddress& address, ConnectSocketState state, IAsyncResult asyncResult, Exception& exception)
   --- 内部异常堆栈跟踪的结尾 ---
   在 System.Net.HttpWebRequest.EndGetResponse(IAsyncResult asyncResult)
   在 System.Net.Http.HttpClientHandler.GetResponseCallback(IAsyncResult ar)
   --- 内部异常堆栈跟踪的结尾 ---
   在 System.Runtime.ExceptionServices.ExceptionDispatchInfo.Throw()
   在 System.Runtime.CompilerServices.TaskAwaiter.HandleNonSuccessAndDebuggerNotification(Task task)
   在 MaaWpfGui.Services.Web.HttpService.<GetAsync>d__9.MoveNext()
[2023-04-15 01:03:05.495] <11><> HTTP: OK GET https://api.kgithub.com/repos/MaaAssistantArknights/MaaAssistantArknights/releases/tags/v4.14.1
[2023-04-15 01:03:05.512] <1><> Start to download file from "https://agent.imgg.dev/MaaAssistantArknights/MaaRelease/releases/download/v4.14.1/MAAComponent-OTA-v4.13.0_v4.14.1-win-x64.zip" and save to D:\AutoMaa\Python\Special\MAA1\MAAComponent-OTA-v4.13.0_v4.14.1-win-x64.zip.temp
[2023-04-15 01:03:20.567] <1><> Failed to send GET request to "https://agent.imgg.dev/MaaAssistantArknights/MaaRelease/releases/download/v4.14.1/MAAComponent-OTA-v4.13.0_v4.14.1-win-x64.zip"
System.Threading.Tasks.TaskCanceledException: 已取消一个任务。
   在 System.Runtime.CompilerServices.TaskAwaiter.ThrowForNonSuccess(Task task)
   在 System.Runtime.CompilerServices.TaskAwaiter.HandleNonSuccessAndDebuggerNotification(Task task)
   在 MaaWpfGui.Services.Web.HttpService.<GetAsync>d__9.MoveNext()
[2023-04-15 01:03:20.567] <1><> Start to download file from "https://git.114514.pro/https://agent.imgg.dev/MaaAssistantArknights/MaaRelease/releases/download/v4.14.1/MAAComponent-OTA-v4.13.0_v4.14.1-win-x64.zip" and save to D:\AutoMaa\Python\Special\MAA1\MAAComponent-OTA-v4.13.0_v4.14.1-win-x64.zip.temp
[2023-04-15 01:03:24.149] <1><> HTTP: Forbidden GET https://git.114514.pro/https://agent.imgg.dev/MaaAssistantArknights/MaaRelease/releases/download/v4.14.1/MAAComponent-OTA-v4.13.0_v4.14.1-win-x64.zip
[2023-04-15 01:03:24.149] <1><> Start to download file from "https://ghproxy.com/https://git.114514.pro/https://ghproxy.com/https://agent.imgg.dev/MaaAssistantArknights/MaaRelease/releases/download/v4.14.1/MAAComponent-OTA-v4.13.0_v4.14.1-win-x64.zip" and save to D:\AutoMaa\Python\Special\MAA1\MAAComponent-OTA-v4.13.0_v4.14.1-win-x64.zip.temp
[2023-04-15 01:03:25.778] <1><> 正在停止……
[2023-04-15 01:03:39.163] <1><> Failed to send GET request to "https://ghproxy.com/https://git.114514.pro/https://ghproxy.com/https://agent.imgg.dev/MaaAssistantArknights/MaaRelease/releases/download/v4.14.1/MAAComponent-OTA-v4.13.0_v4.14.1-win-x64.zip"
System.Threading.Tasks.TaskCanceledException: 已取消一个任务。
   在 System.Runtime.CompilerServices.TaskAwaiter.ThrowForNonSuccess(Task task)
   在 System.Runtime.CompilerServices.TaskAwaiter.HandleNonSuccessAndDebuggerNotification(Task task)
   在 MaaWpfGui.Services.Web.HttpService.<GetAsync>d__9.MoveNext()
[2023-04-15 01:03:39.163] <1><> Start to download file from "https://ghproxy.com/https://git.114514.pro/https://ghproxy.com/https://agent.imgg.dev/MaaAssistantArknights/MaaRelease/releases/download/v4.14.1/MAAComponent-OTA-v4.13.0_v4.14.1-win-x64.zip" and save to D:\AutoMaa\Python\Special\MAA1\MAAComponent-OTA-v4.13.0_v4.14.1-win-x64.zip.temp
[2023-04-15 01:03:54.164] <1><> Failed to send GET request to "https://ghproxy.com/https://git.114514.pro/https://ghproxy.com/https://agent.imgg.dev/MaaAssistantArknights/MaaRelease/releases/download/v4.14.1/MAAComponent-OTA-v4.13.0_v4.14.1-win-x64.zip"
System.Threading.Tasks.TaskCanceledException: 已取消一个任务。
   在 System.Runtime.CompilerServices.TaskAwaiter.ThrowForNonSuccess(Task task)
   在 System.Runtime.CompilerServices.TaskAwaiter.HandleNonSuccessAndDebuggerNotification(Task task)
   在 MaaWpfGui.Services.Web.HttpService.<GetAsync>d__9.MoveNext()
[2023-04-15 01:03:54.164] <1><> Start to download file from "https://ghproxy.com/https://git.114514.pro/https://ghproxy.com/https://agent.imgg.dev/MaaAssistantArknights/MaaRelease/releases/download/v4.14.1/MAAComponent-OTA-v4.13.0_v4.14.1-win-x64.zip" and save to D:\AutoMaa\Python\Special\MAA1\MAAComponent-OTA-v4.13.0_v4.14.1-win-x64.zip.temp
[2023-04-15 01:04:09.166] <1><> Failed to send GET request to "https://ghproxy.com/https://git.114514.pro/https://ghproxy.com/https://agent.imgg.dev/MaaAssistantArknights/MaaRelease/releases/download/v4.14.1/MAAComponent-OTA-v4.13.0_v4.14.1-win-x64.zip"
System.Threading.Tasks.TaskCanceledException: 已取消一个任务。
   在 System.Runtime.CompilerServices.TaskAwaiter.ThrowForNonSuccess(Task task)
   在 System.Runtime.CompilerServices.TaskAwaiter.HandleNonSuccessAndDebuggerNotification(Task task)
   在 MaaWpfGui.Services.Web.HttpService.<GetAsync>d__9.MoveNext()
[2023-04-15 01:04:09.166] <1><> Start to download file from "https://ghproxy.com/https://git.114514.pro/https://ghproxy.com/https://agent.imgg.dev/MaaAssistantArknights/MaaRelease/releases/download/v4.14.1/MAAComponent-OTA-v4.13.0_v4.14.1-win-x64.zip" and save to D:\AutoMaa\Python\Special\MAA1\MAAComponent-OTA-v4.13.0_v4.14.1-win-x64.zip.temp
[2023-04-15 01:04:17.776] <1><> 已停止
[2023-04-15 01:04:24.166] <1><> Failed to send GET request to "https://ghproxy.com/https://git.114514.pro/https://ghproxy.com/https://agent.imgg.dev/MaaAssistantArknights/MaaRelease/releases/download/v4.14.1/MAAComponent-OTA-v4.13.0_v4.14.1-win-x64.zip"
System.Threading.Tasks.TaskCanceledException: 已取消一个任务。
   在 System.Runtime.CompilerServices.TaskAwaiter.ThrowForNonSuccess(Task task)
   在 System.Runtime.CompilerServices.TaskAwaiter.HandleNonSuccessAndDebuggerNotification(Task task)
   在 MaaWpfGui.Services.Web.HttpService.<GetAsync>d__9.MoveNext()
[2023-04-15 01:04:24.171] <1><> Start to download file from "https://agent.imgg.dev/MaaAssistantArknights/MaaRelease/releases/download/v4.14.1/MAAComponent-OTA-v4.13.0_v4.14.1-win-x64.zip" and save to D:\AutoMaa\Python\Special\MAA1\MAAComponent-OTA-v4.13.0_v4.14.1-win-x64.zip.temp
[2023-04-15 01:04:39.185] <1><> Failed to send GET request to "https://agent.imgg.dev/MaaAssistantArknights/MaaRelease/releases/download/v4.14.1/MAAComponent-OTA-v4.13.0_v4.14.1-win-x64.zip"
System.Threading.Tasks.TaskCanceledException: 已取消一个任务。
   在 System.Runtime.CompilerServices.TaskAwaiter.ThrowForNonSuccess(Task task)
   在 System.Runtime.CompilerServices.TaskAwaiter.HandleNonSuccessAndDebuggerNotification(Task task)
   在 MaaWpfGui.Services.Web.HttpService.<GetAsync>d__9.MoveNext()
[2023-04-15 01:04:39.185] <1><> Start to download file from "https://git.114514.pro/https://agent.imgg.dev/MaaAssistantArknights/MaaRelease/releases/download/v4.14.1/MAAComponent-OTA-v4.13.0_v4.14.1-win-x64.zip" and save to D:\AutoMaa\Python\Special\MAA1\MAAComponent-OTA-v4.13.0_v4.14.1-win-x64.zip.temp
[2023-04-15 01:04:39.889] <1><> HTTP: Forbidden GET https://git.114514.pro/https://agent.imgg.dev/MaaAssistantArknights/MaaRelease/releases/download/v4.14.1/MAAComponent-OTA-v4.13.0_v4.14.1-win-x64.zip
[2023-04-15 01:04:39.889] <1><> Start to download file from "https://ghproxy.com/https://git.114514.pro/https://ghproxy.com/https://agent.imgg.dev/MaaAssistantArknights/MaaRelease/releases/download/v4.14.1/MAAComponent-OTA-v4.13.0_v4.14.1-win-x64.zip" and save to D:\AutoMaa\Python\Special\MAA1\MAAComponent-OTA-v4.13.0_v4.14.1-win-x64.zip.temp
[2023-04-15 01:04:54.889] <1><> Failed to send GET request to "https://ghproxy.com/https://git.114514.pro/https://ghproxy.com/https://agent.imgg.dev/MaaAssistantArknights/MaaRelease/releases/download/v4.14.1/MAAComponent-OTA-v4.13.0_v4.14.1-win-x64.zip"
System.Threading.Tasks.TaskCanceledException: 已取消一个任务。
   在 System.Runtime.CompilerServices.TaskAwaiter.ThrowForNonSuccess(Task task)
   在 System.Runtime.CompilerServices.TaskAwaiter.HandleNonSuccessAndDebuggerNotification(Task task)
   在 MaaWpfGui.Services.Web.HttpService.<GetAsync>d__9.MoveNext()
[2023-04-15 01:04:54.889] <1><> Start to download file from "https://ghproxy.com/https://git.114514.pro/https://ghproxy.com/https://agent.imgg.dev/MaaAssistantArknights/MaaRelease/releases/download/v4.14.1/MAAComponent-OTA-v4.13.0_v4.14.1-win-x64.zip" and save to D:\AutoMaa\Python\Special\MAA1\MAAComponent-OTA-v4.13.0_v4.14.1-win-x64.zip.temp
[2023-04-15 01:05:09.891] <1><> Failed to send GET request to "https://ghproxy.com/https://git.114514.pro/https://ghproxy.com/https://agent.imgg.dev/MaaAssistantArknights/MaaRelease/releases/download/v4.14.1/MAAComponent-OTA-v4.13.0_v4.14.1-win-x64.zip"
System.Threading.Tasks.TaskCanceledException: 已取消一个任务。
   在 System.Runtime.CompilerServices.TaskAwaiter.ThrowForNonSuccess(Task task)
   在 System.Runtime.CompilerServices.TaskAwaiter.HandleNonSuccessAndDebuggerNotification(Task task)
   在 MaaWpfGui.Services.Web.HttpService.<GetAsync>d__9.MoveNext()
[2023-04-15 01:05:09.891] <1><> Start to download file from "https://ghproxy.com/https://git.114514.pro/https://ghproxy.com/https://agent.imgg.dev/MaaAssistantArknights/MaaRelease/releases/download/v4.14.1/MAAComponent-OTA-v4.13.0_v4.14.1-win-x64.zip" and save to D:\AutoMaa\Python\Special\MAA1\MAAComponent-OTA-v4.13.0_v4.14.1-win-x64.zip.temp
[2023-04-15 01:05:24.892] <1><> Failed to send GET request to "https://ghproxy.com/https://git.114514.pro/https://ghproxy.com/https://agent.imgg.dev/MaaAssistantArknights/MaaRelease/releases/download/v4.14.1/MAAComponent-OTA-v4.13.0_v4.14.1-win-x64.zip"
System.Threading.Tasks.TaskCanceledException: 已取消一个任务。
   在 System.Runtime.CompilerServices.TaskAwaiter.ThrowForNonSuccess(Task task)
   在 System.Runtime.CompilerServices.TaskAwaiter.HandleNonSuccessAndDebuggerNotification(Task task)
   在 MaaWpfGui.Services.Web.HttpService.<GetAsync>d__9.MoveNext()
[2023-04-15 01:05:24.892] <1><> Start to download file from "https://ghproxy.com/https://git.114514.pro/https://ghproxy.com/https://agent.imgg.dev/MaaAssistantArknights/MaaRelease/releases/download/v4.14.1/MAAComponent-OTA-v4.13.0_v4.14.1-win-x64.zip" and save to D:\AutoMaa\Python\Special\MAA1\MAAComponent-OTA-v4.13.0_v4.14.1-win-x64.zip.temp
[2023-04-15 01:05:39.893] <1><> Failed to send GET request to "https://ghproxy.com/https://git.114514.pro/https://ghproxy.com/https://agent.imgg.dev/MaaAssistantArknights/MaaRelease/releases/download/v4.14.1/MAAComponent-OTA-v4.13.0_v4.14.1-win-x64.zip"
System.Threading.Tasks.TaskCanceledException: 已取消一个任务。
   在 System.Runtime.CompilerServices.TaskAwaiter.ThrowForNonSuccess(Task task)
   在 System.Runtime.CompilerServices.TaskAwaiter.HandleNonSuccessAndDebuggerNotification(Task task)
   在 MaaWpfGui.Services.Web.HttpService.<GetAsync>d__9.MoveNext()
[2023-04-15 01:06:10.174] <1><> Failed to send GET request to "https://api.github.com/repos/MaaAssistantArknights/MaaRelease/releases"
System.Net.Http.HttpRequestException: 发送请求时出错。 ---> System.Net.WebException: 无法连接到远程服务器 ---> System.Net.Sockets.SocketException: 由于目标计算机积极拒绝，无法连接。 127.0.0.1:443
   在 System.Net.Sockets.Socket.InternalEndConnect(IAsyncResult asyncResult)
   在 System.Net.Sockets.Socket.EndConnect(IAsyncResult asyncResult)
   在 System.Net.ServicePoint.ConnectSocketInternal(Boolean connectFailure, Socket s4, Socket s6, Socket& socket, IPAddress& address, ConnectSocketState state, IAsyncResult asyncResult, Exception& exception)
   --- 内部异常堆栈跟踪的结尾 ---
   在 System.Net.HttpWebRequest.EndGetResponse(IAsyncResult asyncResult)
   在 System.Net.Http.HttpClientHandler.GetResponseCallback(IAsyncResult ar)
   --- 内部异常堆栈跟踪的结尾 ---
   在 System.Runtime.ExceptionServices.ExceptionDispatchInfo.Throw()
   在 System.Runtime.CompilerServices.TaskAwaiter.HandleNonSuccessAndDebuggerNotification(Task task)
   在 MaaWpfGui.Services.Web.HttpService.<GetAsync>d__9.MoveNext()
[2023-04-15 01:06:21.310] <22><> HTTP: OK GET https://api.kgithub.com/repos/MaaAssistantArknights/MaaRelease/releases
[2023-04-15 01:06:23.388] <1><> Failed to send GET request to "https://api.github.com/repos/MaaAssistantArknights/MaaAssistantArknights/releases/tags/v4.14.1"
System.Net.Http.HttpRequestException: 发送请求时出错。 ---> System.Net.WebException: 无法连接到远程服务器 ---> System.Net.Sockets.SocketException: 由于目标计算机积极拒绝，无法连接。 127.0.0.1:443
   在 System.Net.Sockets.Socket.InternalEndConnect(IAsyncResult asyncResult)
   在 System.Net.Sockets.Socket.EndConnect(IAsyncResult asyncResult)
   在 System.Net.ServicePoint.ConnectSocketInternal(Boolean connectFailure, Socket s4, Socket s6, Socket& socket, IPAddress& address, ConnectSocketState state, IAsyncResult asyncResult, Exception& exception)
   --- 内部异常堆栈跟踪的结尾 ---
   在 System.Net.HttpWebRequest.EndGetResponse(IAsyncResult asyncResult)
   在 System.Net.Http.HttpClientHandler.GetResponseCallback(IAsyncResult ar)
   --- 内部异常堆栈跟踪的结尾 ---
   在 System.Runtime.ExceptionServices.ExceptionDispatchInfo.Throw()
   在 System.Runtime.CompilerServices.TaskAwaiter.HandleNonSuccessAndDebuggerNotification(Task task)
   在 MaaWpfGui.Services.Web.HttpService.<GetAsync>d__9.MoveNext()
[2023-04-15 01:06:23.562] <23><> HTTP: Forbidden GET https://api.kgithub.com/repos/MaaAssistantArknights/MaaAssistantArknights/releases/tags/v4.14.1
[2023-04-15 01:06:25.590] <23><> Failed to send GET request to "https://api.github.com/repos/MaaAssistantArknights/MaaAssistantArknights/releases/tags/v4.14.1"
System.Net.Http.HttpRequestException: 发送请求时出错。 ---> System.Net.WebException: 无法连接到远程服务器 ---> System.Net.Sockets.SocketException: 由于目标计算机积极拒绝，无法连接。 127.0.0.1:443
   在 System.Net.Sockets.Socket.InternalEndConnect(IAsyncResult asyncResult)
   在 System.Net.Sockets.Socket.EndConnect(IAsyncResult asyncResult)
   在 System.Net.ServicePoint.ConnectSocketInternal(Boolean connectFailure, Socket s4, Socket s6, Socket& socket, IPAddress& address, ConnectSocketState state, IAsyncResult asyncResult, Exception& exception)
   --- 内部异常堆栈跟踪的结尾 ---
   在 System.Net.HttpWebRequest.EndGetResponse(IAsyncResult asyncResult)
   在 System.Net.Http.HttpClientHandler.GetResponseCallback(IAsyncResult ar)
   --- 内部异常堆栈跟踪的结尾 ---
   在 System.Runtime.ExceptionServices.ExceptionDispatchInfo.Throw()
   在 System.Runtime.CompilerServices.TaskAwaiter.HandleNonSuccessAndDebuggerNotification(Task task)
   在 MaaWpfGui.Services.Web.HttpService.<GetAsync>d__9.MoveNext()
[2023-04-15 01:06:25.867] <22><> HTTP: Forbidden GET https://api.kgithub.com/repos/MaaAssistantArknights/MaaAssistantArknights/releases/tags/v4.14.1
[2023-04-15 01:06:27.891] <22><> Failed to send GET request to "https://api.github.com/repos/MaaAssistantArknights/MaaAssistantArknights/releases/tags/v4.14.1"
System.Net.Http.HttpRequestException: 发送请求时出错。 ---> System.Net.WebException: 无法连接到远程服务器 ---> System.Net.Sockets.SocketException: 由于目标计算机积极拒绝，无法连接。 127.0.0.1:443
   在 System.Net.Sockets.Socket.InternalEndConnect(IAsyncResult asyncResult)
   在 System.Net.Sockets.Socket.EndConnect(IAsyncResult asyncResult)
   在 System.Net.ServicePoint.ConnectSocketInternal(Boolean connectFailure, Socket s4, Socket s6, Socket& socket, IPAddress& address, ConnectSocketState state, IAsyncResult asyncResult, Exception& exception)
   --- 内部异常堆栈跟踪的结尾 ---
   在 System.Net.HttpWebRequest.EndGetResponse(IAsyncResult asyncResult)
   在 System.Net.Http.HttpClientHandler.GetResponseCallback(IAsyncResult ar)
   --- 内部异常堆栈跟踪的结尾 ---
   在 System.Runtime.ExceptionServices.ExceptionDispatchInfo.Throw()
   在 System.Runtime.CompilerServices.TaskAwaiter.HandleNonSuccessAndDebuggerNotification(Task task)
   在 MaaWpfGui.Services.Web.HttpService.<GetAsync>d__9.MoveNext()
[2023-04-15 01:06:28.089] <17><> HTTP: Forbidden GET https://api.kgithub.com/repos/MaaAssistantArknights/MaaAssistantArknights/releases/tags/v4.14.1
[2023-04-15 01:06:46.303] <1><> MaaAssistantArknights GUI exited
[2023-04-15 01:06:46.303] <1><> 
[2023-04-15 20:00:01.822] <1><> ===================================
[2023-04-15 20:00:01.857] <1><> MaaAssistantArknights GUI started
[2023-04-15 20:00:01.858] <1><> Maa ENV: Production
[2023-04-15 20:00:01.860] <1><> ===================================
[2023-04-15 20:00:04.895] <1><> Rebuild Default HttpClient with proxy 
[2023-04-15 20:00:04.904] <1><> Rebuild Downloader HttpClient with proxy 
[2023-04-15 20:00:06.566] <1><> Loading item list from D:\AutoMaa\Python\Special\MAA1\resource\item_index.json
[2023-04-15 20:00:06.744] <12><> HTTP: OK GET https://ota.maa.plus/MaaAssistantArknights/api/lastUpdateTime.json
[2023-04-15 20:00:21.700] <1><> Failed to send GET request to "https://api.github.com/repos/MaaAssistantArknights/MaaRelease/releases"
System.Threading.Tasks.TaskCanceledException: 已取消一个任务。
   在 System.Runtime.CompilerServices.TaskAwaiter.ThrowForNonSuccess(Task task)
   在 System.Runtime.CompilerServices.TaskAwaiter.HandleNonSuccessAndDebuggerNotification(Task task)
   在 MaaWpfGui.Services.Web.HttpService.<GetAsync>d__9.MoveNext()
[2023-04-15 20:00:22.150] <12><> HTTP: Forbidden GET https://api.kgithub.com/repos/MaaAssistantArknights/MaaRelease/releases
[2023-04-15 20:00:37.161] <13><> Failed to send GET request to "https://api.github.com/repos/MaaAssistantArknights/MaaRelease/releases"
System.Threading.Tasks.TaskCanceledException: 已取消一个任务。
   在 System.Runtime.CompilerServices.TaskAwaiter.ThrowForNonSuccess(Task task)
   在 System.Runtime.CompilerServices.TaskAwaiter.HandleNonSuccessAndDebuggerNotification(Task task)
   在 MaaWpfGui.Services.Web.HttpService.<GetAsync>d__9.MoveNext()
[2023-04-15 20:00:37.368] <12><> HTTP: Forbidden GET https://api.kgithub.com/repos/MaaAssistantArknights/MaaRelease/releases
[2023-04-15 20:00:52.381] <10><> Failed to send GET request to "https://api.github.com/repos/MaaAssistantArknights/MaaRelease/releases"
System.Threading.Tasks.TaskCanceledException: 已取消一个任务。
   在 System.Runtime.CompilerServices.TaskAwaiter.ThrowForNonSuccess(Task task)
   在 System.Runtime.CompilerServices.TaskAwaiter.HandleNonSuccessAndDebuggerNotification(Task task)
   在 MaaWpfGui.Services.Web.HttpService.<GetAsync>d__9.MoveNext()
[2023-04-15 20:00:52.600] <9><> HTTP: Forbidden GET https://api.kgithub.com/repos/MaaAssistantArknights/MaaRelease/releases
[2023-04-15 20:01:32.600] <1><> Main windows log clear.
[2023-04-15 20:01:32.600] <1><> 
[2023-04-15 20:01:35.331] <1><> 正在连接模拟器……
[2023-04-15 20:01:42.087] <1><> 正在运行中……
[2023-04-15 20:01:42.087] <1><> 如果任务完全没有反应，请使用 设置 - 连接设置 - 强制替换 ADB，或打开 兼容性触控模式
[2023-04-15 20:01:42.090] <1><> 开始任务：StartUp
[2023-04-15 20:02:31.239] <1><> 任务出错：StartUp
[2023-04-15 20:02:31.739] <1><> 开始任务：Recruit
[2023-04-15 20:02:49.963] <1><> 出现错误，已返回
[2023-04-15 20:02:49.963] <1><> 任务出错：Recruit
[2023-04-15 20:02:50.465] <1><> 开始任务：Infrast
[2023-04-15 20:06:01.462] <1><> 完成任务：Infrast
[2023-04-15 20:06:01.961] <1><> 开始任务：Mall
[2023-04-15 20:06:37.459] <1><> 任务出错：Mall
[2023-04-15 20:06:37.982] <1><> 开始任务：Fight
[2023-04-15 20:06:43.210] <1><> 任务出错：Fight
[2023-04-15 20:06:43.210] <1><> 剿灭任务失败，将尝试使用剩余备选关卡，部分战斗设置将不生效
[2023-04-15 20:06:43.712] <1><> 开始任务：Fight
[2023-04-15 20:06:48.989] <1><> 任务出错：Fight
[2023-04-15 20:06:48.989] <1><> 剿灭任务失败，将尝试使用剩余备选关卡，部分战斗设置将不生效
[2023-04-15 20:06:49.491] <1><> 开始任务：Fight
[2023-04-15 20:06:54.731] <1><> 任务出错：Fight
[2023-04-15 20:06:54.731] <1><> 剿灭任务失败，将尝试使用剩余备选关卡，部分战斗设置将不生效
[2023-04-15 20:06:55.231] <1><> 开始任务：Fight
[2023-04-15 20:07:00.405] <1><> 任务出错：Fight
[2023-04-15 20:07:00.405] <1><> 剿灭任务失败，将尝试使用剩余备选关卡，部分战斗设置将不生效
[2023-04-15 20:07:00.907] <1><> 开始任务：Award
[2023-04-15 20:07:17.887] <1><> 任务出错：Award
[2023-04-15 20:07:18.389] <1><> 开始任务：Roguelike
[2023-04-15 20:08:02.487] <1><> 已开始探索 1 次
[2023-04-15 20:08:55.969] <1><> 关卡：普通作战
[2023-04-15 20:09:08.637] <1><> 开始战斗：死斗
[2023-04-15 20:10:44.048] <1><> 正在停止……
[2023-04-15 20:10:44.258] <1><> 已停止
[2023-04-15 20:10:46.035] <1><> MaaAssistantArknights GUI exited
[2023-04-15 20:10:46.035] <1><> 
