2023/2/22 17:01:34 OnUnhandledException Error: System.TypeInitializationException: “MaaWpfGui.SettingsViewModel”的类型初始值设定项引发异常。 ---> System.DllNotFoundException: 无法加载 DLL“MaaCore.dll”: 找不到指定的模块。 (异常来自 HRESULT:0x8007007E)。
   在 MaaWpfGui.SettingsViewModel.AsstGetVersion()
   在 MaaWpfGui.SettingsViewModel..cctor()
   --- 内部异常堆栈跟踪的结尾 ---
   在 MaaWpfGui.SettingsViewModel..ctor(IContainer container, IWindowManager windowManager)
   在 lambda_method(Closure , IRegistrationContext )
   在 StyletIoC.Internal.Registrations.SingletonRegistration.GetInstanceExpression(ParameterExpression registrationContext)
   在 StyletIoC.Internal.Registrations.RegistrationBase.GetGeneratorInternal()
   在 StyletIoC.Internal.Registrations.RegistrationBase.GetGenerator()
   在 StyletIoC.Internal.Container.Get(RuntimeTypeHandle typeHandle, String key, Type typeIfAvailable)
   在 StyletIoC.Internal.Container.Get[T](String key)
   在 MaaWpfGui.AsstProxy..ctor(IContainer container, IWindowManager windowManager)
   在 lambda_method(Closure , IRegistrationContext )
   在 StyletIoC.Internal.Registrations.SingletonRegistration.GetInstanceExpression(ParameterExpression registrationContext)
   在 StyletIoC.Internal.Registrations.RegistrationBase.GetGeneratorInternal()
   在 StyletIoC.Internal.Registrations.RegistrationBase.GetGenerator()
   在 StyletIoC.Internal.Container.Get(RuntimeTypeHandle typeHandle, String key, Type typeIfAvailable)
   在 StyletIoC.Internal.Container.Get[T](String key)
   在 MaaWpfGui.RootViewModel..ctor(IContainer container, IWindowManager windowManager)
   在 lambda_method(Closure , IRegistrationContext )
   在 StyletIoC.Internal.Container.Get(RuntimeTypeHandle typeHandle, String key, Type typeIfAvailable)
   在 StyletIoC.Internal.Container.Get[T](String key)
   在 Stylet.Bootstrapper`1.get_RootViewModel()
   在 Stylet.Bootstrapper`1.Launch()
   在 Stylet.BootstrapperBase.Start(String[] args)
   在 System.Windows.Application.OnStartup(StartupEventArgs e)
   在 System.Windows.Application.<.ctor>b__1_0(Object unused)
   在 System.Windows.Threading.ExceptionWrapper.InternalRealCall(Delegate callback, Object args, Int32 numArgs)
   在 System.Windows.Threading.ExceptionWrapper.TryCatchWhen(Object source, Delegate callback, Object args, Int32 numArgs, Delegate catchHandler)
